"C:/Unreal Projects/Repositories/M_B/MeatBall/Content/Mannequin/Character/Mesh/UE4_Mannequin_Skeleton.uasset" 0
"C:/Unreal Projects/Repositories/M_B/MeatBall/Content/Mannequin/Character/Mesh/UE4_Mannequin_Skeleton.uexp" 1
"C:/Unreal Projects/Repositories/M_B/MeatBall/Content/Mannequin/Animations/ThirdPersonJump_End.uasset" 2
"C:/Unreal Projects/Repositories/M_B/MeatBall/Content/Mannequin/Animations/ThirdPersonJump_End.uexp" 3
"C:/Unreal Projects/Repositories/M_B/MeatBall/Content/Mannequin/Character/Materials/MaterialLayers/T_ML_Rubber_Blue_01_N.uasset" 4
"C:/Unreal Projects/Repositories/M_B/MeatBall/Content/Mannequin/Character/Materials/MaterialLayers/T_ML_Rubber_Blue_01_N.uexp" 5
"C:/Unreal Projects/Repositories/M_B/MeatBall/Content/Mannequin/Character/Materials/MaterialLayers/T_ML_Rubber_Blue_01_N.ubulk" 6
"C:/Unreal Projects/Repositories/M_B/MeatBall/Content/Mannequin/Character/Materials/MaterialLayers/T_ML_Aluminum01.uasset" 7
"C:/Unreal Projects/Repositories/M_B/MeatBall/Content/Mannequin/Character/Materials/MaterialLayers/T_ML_Aluminum01.uexp" 8
"C:/Unreal Projects/Repositories/M_B/MeatBall/Content/Mannequin/Character/Materials/MaterialLayers/T_ML_Aluminum01.ubulk" 9
"C:/Unreal Projects/Repositories/M_B/MeatBall/Content/Mannequin/Character/Materials/MaterialLayers/T_ML_Aluminum01_N.uasset" 10
"C:/Unreal Projects/Repositories/M_B/MeatBall/Content/Mannequin/Character/Materials/MaterialLayers/T_ML_Aluminum01_N.uexp" 11
"C:/Unreal Projects/Repositories/M_B/MeatBall/Content/Mannequin/Character/Materials/MaterialLayers/T_ML_Aluminum01_N.ubulk" 12
"C:/Unreal Projects/Repositories/M_B/MeatBall/Content/Mannequin/Character/Materials/MaterialLayers/T_ML_Rubber_Blue_01_D.uasset" 13
"C:/Unreal Projects/Repositories/M_B/MeatBall/Content/Mannequin/Character/Materials/MaterialLayers/T_ML_Rubber_Blue_01_D.uexp" 14
"C:/Unreal Projects/Repositories/M_B/MeatBall/Content/Mannequin/Character/Materials/MaterialLayers/T_ML_Rubber_Blue_01_D.ubulk" 15
"C:/Unreal Projects/Repositories/M_B/MeatBall/Content/Mannequin/Character/Textures/T_Male_Mask.uasset" 16
"C:/Unreal Projects/Repositories/M_B/MeatBall/Content/Mannequin/Character/Textures/T_Male_Mask.uexp" 17
"C:/Unreal Projects/Repositories/M_B/MeatBall/Content/Mannequin/Character/Textures/T_Male_Mask.ubulk" 18
"C:/Unreal Projects/Repositories/M_B/MeatBall/Content/Mannequin/Character/Textures/T_Male_N.uasset" 19
"C:/Unreal Projects/Repositories/M_B/MeatBall/Content/Mannequin/Character/Textures/T_Male_N.uexp" 20
"C:/Unreal Projects/Repositories/M_B/MeatBall/Content/Mannequin/Character/Textures/T_Male_N.ubulk" 21
"C:/Unreal Projects/Repositories/M_B/MeatBall/Content/Mannequin/Character/Textures/T_UE4Logo_Mask.uasset" 22
"C:/Unreal Projects/Repositories/M_B/MeatBall/Content/Mannequin/Character/Textures/T_UE4Logo_Mask.uexp" 23
"C:/Unreal Projects/Repositories/M_B/MeatBall/Content/Mannequin/Character/Textures/T_UE4Logo_Mask.ubulk" 24
"../../../Engine/Content/Functions/Engine_MaterialFunctions02/Utility/BlendAngleCorrectedNormals.uasset" 25
"../../../Engine/Content/Functions/Engine_MaterialFunctions02/Utility/BlendAngleCorrectedNormals.uexp" 26
"../../../Engine/Content/Functions/MaterialLayerFunctions/MatLayerBlend_NormalBlend.uasset" 27
"../../../Engine/Content/Functions/MaterialLayerFunctions/MatLayerBlend_NormalBlend.uexp" 28
"../../../Engine/Content/Functions/MaterialLayerFunctions/MatLayerBlend_Simple.uasset" 29
"../../../Engine/Content/Functions/MaterialLayerFunctions/MatLayerBlend_Simple.uexp" 30
"C:/Unreal Projects/Repositories/M_B/MeatBall/Content/Mannequin/Character/Materials/MaterialLayers/ML_GlossyBlack_Latex_UE4.uasset" 31
"C:/Unreal Projects/Repositories/M_B/MeatBall/Content/Mannequin/Character/Materials/MaterialLayers/ML_GlossyBlack_Latex_UE4.uexp" 32
"C:/Unreal Projects/Repositories/M_B/MeatBall/Content/Mannequin/Character/Materials/MaterialLayers/ML_Plastic_Shiny_Beige.uasset" 33
"C:/Unreal Projects/Repositories/M_B/MeatBall/Content/Mannequin/Character/Materials/MaterialLayers/ML_Plastic_Shiny_Beige.uexp" 34
"C:/Unreal Projects/Repositories/M_B/MeatBall/Content/Mannequin/Character/Materials/MaterialLayers/ML_Plastic_Shiny_Beige_LOGO.uasset" 35
"C:/Unreal Projects/Repositories/M_B/MeatBall/Content/Mannequin/Character/Materials/MaterialLayers/ML_Plastic_Shiny_Beige_LOGO.uexp" 36
"C:/Unreal Projects/Repositories/M_B/MeatBall/Content/Mannequin/Character/Materials/MaterialLayers/ML_SoftMetal_UE4.uasset" 37
"C:/Unreal Projects/Repositories/M_B/MeatBall/Content/Mannequin/Character/Materials/MaterialLayers/ML_SoftMetal_UE4.uexp" 38
"C:/Unreal Projects/Repositories/M_B/MeatBall/Content/Mannequin/Character/Materials/M_Male_Body.uasset" 39
"C:/Unreal Projects/Repositories/M_B/MeatBall/Content/Mannequin/Character/Materials/M_Male_Body.uexp" 40
"C:/Unreal Projects/Repositories/M_B/MeatBall/Content/Mannequin/Character/Textures/T_Female_Mask.uasset" 41
"C:/Unreal Projects/Repositories/M_B/MeatBall/Content/Mannequin/Character/Textures/T_Female_Mask.uexp" 42
"C:/Unreal Projects/Repositories/M_B/MeatBall/Content/Mannequin/Character/Textures/T_Female_Mask.ubulk" 43
"C:/Unreal Projects/Repositories/M_B/MeatBall/Content/Mannequin/Character/Textures/T_Female_N.uasset" 44
"C:/Unreal Projects/Repositories/M_B/MeatBall/Content/Mannequin/Character/Textures/T_Female_N.uexp" 45
"C:/Unreal Projects/Repositories/M_B/MeatBall/Content/Mannequin/Character/Textures/T_Female_N.ubulk" 46
"C:/Unreal Projects/Repositories/M_B/MeatBall/Content/Mannequin/Character/Materials/MI_Female_Body.uasset" 47
"C:/Unreal Projects/Repositories/M_B/MeatBall/Content/Mannequin/Character/Materials/MI_Female_Body.uexp" 48
"C:/Unreal Projects/Repositories/M_B/MeatBall/Content/Mannequin/Character/Textures/T_UE4Logo_N.uasset" 49
"C:/Unreal Projects/Repositories/M_B/MeatBall/Content/Mannequin/Character/Textures/T_UE4Logo_N.uexp" 50
"C:/Unreal Projects/Repositories/M_B/MeatBall/Content/Mannequin/Character/Textures/T_UE4Logo_N.ubulk" 51
"C:/Unreal Projects/Repositories/M_B/MeatBall/Content/Mannequin/Character/Materials/M_UE4Man_ChestLogo.uasset" 52
"C:/Unreal Projects/Repositories/M_B/MeatBall/Content/Mannequin/Character/Materials/M_UE4Man_ChestLogo.uexp" 53
"C:/Unreal Projects/Repositories/M_B/MeatBall/Content/Mannequin/Character/Mesh/SK_Mannequin_Female_PhysicsAsset.uasset" 54
"C:/Unreal Projects/Repositories/M_B/MeatBall/Content/Mannequin/Character/Mesh/SK_Mannequin_Female_PhysicsAsset.uexp" 55
"C:/Unreal Projects/Repositories/M_B/MeatBall/Content/Mannequin/Character/Mesh/SK_Mannequin_Female.uasset" 56
"C:/Unreal Projects/Repositories/M_B/MeatBall/Content/Mannequin/Character/Mesh/SK_Mannequin_Female.uexp" 57
"C:/Unreal Projects/Repositories/M_B/MeatBall/Content/Mannequin/Animations/ThirdPersonJump_Loop.uasset" 58
"C:/Unreal Projects/Repositories/M_B/MeatBall/Content/Mannequin/Animations/ThirdPersonJump_Loop.uexp" 59
"C:/Unreal Projects/Repositories/M_B/MeatBall/Content/Mannequin/Animations/ThirdPersonJump_Start.uasset" 60
"C:/Unreal Projects/Repositories/M_B/MeatBall/Content/Mannequin/Animations/ThirdPersonJump_Start.uexp" 61
"C:/Unreal Projects/Repositories/M_B/MeatBall/Content/Mannequin/Animations/ThirdPerson_Jump.uasset" 62
"C:/Unreal Projects/Repositories/M_B/MeatBall/Content/Mannequin/Animations/ThirdPerson_Jump.uexp" 63
"C:/Unreal Projects/Repositories/M_B/MeatBall/Content/Mannequin/Animations/ThirdPersonIdle.uasset" 64
"C:/Unreal Projects/Repositories/M_B/MeatBall/Content/Mannequin/Animations/ThirdPersonIdle.uexp" 65
"C:/Unreal Projects/Repositories/M_B/MeatBall/Content/Mannequin/Animations/ThirdPersonRun.uasset" 66
"C:/Unreal Projects/Repositories/M_B/MeatBall/Content/Mannequin/Animations/ThirdPersonRun.uexp" 67
"C:/Unreal Projects/Repositories/M_B/MeatBall/Content/Mannequin/Animations/ThirdPersonWalk.uasset" 68
"C:/Unreal Projects/Repositories/M_B/MeatBall/Content/Mannequin/Animations/ThirdPersonWalk.uexp" 69
"C:/Unreal Projects/Repositories/M_B/MeatBall/Content/Mannequin/Animations/ThirdPerson_IdleRun_2D.uasset" 70
"C:/Unreal Projects/Repositories/M_B/MeatBall/Content/Mannequin/Animations/ThirdPerson_IdleRun_2D.uexp" 71
"../../../Engine/Content/EditorBlueprintResources/StandardMacros.uasset" 72
"../../../Engine/Content/EditorBlueprintResources/StandardMacros.uexp" 73
"C:/Unreal Projects/Repositories/M_B/MeatBall/Content/Mannequin/Animations/ThirdPerson_AnimBP.uasset" 74
"C:/Unreal Projects/Repositories/M_B/MeatBall/Content/Mannequin/Animations/ThirdPerson_AnimBP.uexp" 75
"C:/Unreal Projects/Repositories/M_B/MeatBall/Content/Mannequin/Character/Mesh/SK_Mannequin_PhysicsAsset.uasset" 76
"C:/Unreal Projects/Repositories/M_B/MeatBall/Content/Mannequin/Character/Mesh/SK_Mannequin_PhysicsAsset.uexp" 77
"C:/Unreal Projects/Repositories/M_B/MeatBall/Content/Mannequin/Character/Mesh/SK_Mannequin.uasset" 78
"C:/Unreal Projects/Repositories/M_B/MeatBall/Content/Mannequin/Character/Mesh/SK_Mannequin.uexp" 79
"C:/Unreal Projects/Repositories/M_B/MeatBall/Content/UI/Widgets/SaveMenu.uasset" 80
"C:/Unreal Projects/Repositories/M_B/MeatBall/Content/UI/Widgets/SaveMenu.uexp" 81
"C:/Unreal Projects/Repositories/M_B/MeatBall/Content/UI/Widgets/W_PauseMenu.uasset" 82
"C:/Unreal Projects/Repositories/M_B/MeatBall/Content/UI/Widgets/W_PauseMenu.uexp" 83
"C:/Unreal Projects/Repositories/M_B/MeatBall/Content/ThirdPersonBP/Blueprints/ThirdPersonCharacter.uasset" 84
"C:/Unreal Projects/Repositories/M_B/MeatBall/Content/ThirdPersonBP/Blueprints/ThirdPersonCharacter.uexp" 85
"C:/Unreal Projects/Repositories/M_B/MeatBall/Content/ThirdPersonBP/Blueprints/ThirdPersonGameMode.uasset" 86
"C:/Unreal Projects/Repositories/M_B/MeatBall/Content/ThirdPersonBP/Blueprints/ThirdPersonGameMode.uexp" 87
"C:/Unreal Projects/Repositories/M_B/MeatBall/Content/UI/Widgets/W_MainMenu.uasset" 88
"C:/Unreal Projects/Repositories/M_B/MeatBall/Content/UI/Widgets/W_MainMenu.uexp" 89
"../../../Engine/Content/Animation/DefaultAnimBoneCompressionSettings.uasset" 90
"../../../Engine/Content/Animation/DefaultAnimBoneCompressionSettings.uexp" 91
"../../../Engine/Content/Animation/DefaultAnimCurveCompressionSettings.uasset" 92
"../../../Engine/Content/Animation/DefaultAnimCurveCompressionSettings.uexp" 93
"../../../Engine/Content/EngineMaterials/T_Default_Material_Grid_M.uasset" 94
"../../../Engine/Content/EngineMaterials/T_Default_Material_Grid_M.uexp" 95
"../../../Engine/Content/EngineMaterials/T_Default_Material_Grid_M.ubulk" 96
"../../../Engine/Content/EngineMaterials/T_Default_Material_Grid_N.uasset" 97
"../../../Engine/Content/EngineMaterials/T_Default_Material_Grid_N.uexp" 98
"../../../Engine/Content/EngineMaterials/T_Default_Material_Grid_N.ubulk" 99
"../../../Engine/Content/Functions/Engine_MaterialFunctions01/Opacity/CameraDepthFade.uasset" 100
"../../../Engine/Content/Functions/Engine_MaterialFunctions01/Opacity/CameraDepthFade.uexp" 101
"../../../Engine/Content/EngineMaterials/WorldGridMaterial.uasset" 102
"../../../Engine/Content/EngineMaterials/WorldGridMaterial.uexp" 103
"../../../Engine/Content/ArtTools/RenderToTexture/Meshes/S_1_Unit_Plane.uasset" 104
"../../../Engine/Content/ArtTools/RenderToTexture/Meshes/S_1_Unit_Plane.uexp" 105
"../../../Engine/Content/ArtTools/RenderToTexture/Meshes/S_1_Unit_Plane.ubulk" 106
"../../../Engine/Content/EngineMaterials/DefaultMaterial.uasset" 107
"../../../Engine/Content/EngineMaterials/DefaultMaterial.uexp" 108
"../../../Engine/Content/BasicShapes/Cone.uasset" 109
"../../../Engine/Content/BasicShapes/Cone.uexp" 110
"../../../Engine/Content/BasicShapes/Cone.ubulk" 111
"../../../Engine/Content/BasicShapes/Plane.uasset" 112
"../../../Engine/Content/BasicShapes/Plane.uexp" 113
"../../../Engine/Content/BasicShapes/Plane.ubulk" 114
"../../../Engine/Content/EditorLandscapeResources/DataLayer.uasset" 115
"../../../Engine/Content/EditorLandscapeResources/DataLayer.uexp" 116
"../../../Engine/Content/EditorLandscapeResources/DefaultAlphaTexture.uasset" 117
"../../../Engine/Content/EditorLandscapeResources/DefaultAlphaTexture.uexp" 118
"../../../Engine/Content/EditorMaterials/MAT_Groups_Toggle.uasset" 119
"../../../Engine/Content/EditorMaterials/MAT_Groups_Toggle.uexp" 120
"../../../Engine/Content/EditorMaterials/MAT_Groups_Visibility.uasset" 121
"../../../Engine/Content/EditorMaterials/MAT_Groups_Visibility.uexp" 122
"../../../Engine/Content/EditorMaterials/PreviewShadowIndicator.uasset" 123
"../../../Engine/Content/EditorMaterials/PreviewShadowIndicator.uexp" 124
"../../../Engine/Content/EditorMaterials/PreviewShadowIndicator.ubulk" 125
"../../../Engine/Content/EditorMaterials/PreviewShadowIndicatorMaterial.uasset" 126
"../../../Engine/Content/EditorMaterials/PreviewShadowIndicatorMaterial.uexp" 127
"../../../Engine/Content/EditorMaterials/MatineeGroups/MAT_ColorTrack.uasset" 128
"../../../Engine/Content/EditorMaterials/MatineeGroups/MAT_ColorTrack.uexp" 129
"../../../Engine/Content/EditorMaterials/MatineeGroups/MAT_Groups_Anim.uasset" 130
"../../../Engine/Content/EditorMaterials/MatineeGroups/MAT_Groups_Anim.uexp" 131
"../../../Engine/Content/EditorMaterials/MatineeGroups/MAT_Groups_AudioMaster.uasset" 132
"../../../Engine/Content/EditorMaterials/MatineeGroups/MAT_Groups_AudioMaster.uexp" 133
"../../../Engine/Content/EditorMaterials/MatineeGroups/MAT_Groups_Director.uasset" 134
"../../../Engine/Content/EditorMaterials/MatineeGroups/MAT_Groups_Director.uexp" 135
"../../../Engine/Content/EditorMaterials/MatineeGroups/MAT_Groups_Event.uasset" 136
"../../../Engine/Content/EditorMaterials/MatineeGroups/MAT_Groups_Event.uexp" 137
"../../../Engine/Content/EditorMaterials/MatineeGroups/MAT_Groups_Fade.uasset" 138
"../../../Engine/Content/EditorMaterials/MatineeGroups/MAT_Groups_Fade.uexp" 139
"../../../Engine/Content/EditorMaterials/MatineeGroups/MAT_Groups_Float.uasset" 140
"../../../Engine/Content/EditorMaterials/MatineeGroups/MAT_Groups_Float.uexp" 141
"../../../Engine/Content/EditorMaterials/MatineeGroups/MAT_Groups_Move.uasset" 142
"../../../Engine/Content/EditorMaterials/MatineeGroups/MAT_Groups_Move.uexp" 143
"../../../Engine/Content/EditorMaterials/MatineeGroups/MAT_Groups_Slomo.uasset" 144
"../../../Engine/Content/EditorMaterials/MatineeGroups/MAT_Groups_Slomo.uexp" 145
"../../../Engine/Content/EditorMaterials/MatineeGroups/MAT_Groups_Sound.uasset" 146
"../../../Engine/Content/EditorMaterials/MatineeGroups/MAT_Groups_Sound.uexp" 147
"../../../Engine/Content/EditorMaterials/MatineeGroups/MAT_Groups_Vector.uasset" 148
"../../../Engine/Content/EditorMaterials/MatineeGroups/MAT_Groups_Vector.uexp" 149
"../../../Engine/Content/EditorMaterials/ParticleSystems/PSysThumbnail_NoImage.uasset" 150
"../../../Engine/Content/EditorMaterials/ParticleSystems/PSysThumbnail_NoImage.uexp" 151
"../../../Engine/Content/EditorMaterials/ParticleSystems/PSysThumbnail_NoImage.ubulk" 152
"../../../Engine/Content/EditorMaterials/ParticleSystems/PSysThumbnail_OOD.uasset" 153
"../../../Engine/Content/EditorMaterials/ParticleSystems/PSysThumbnail_OOD.uexp" 154
"../../../Engine/Content/EditorMaterials/ParticleSystems/PSysThumbnail_OOD.ubulk" 155
"../../../Engine/Content/Functions/Engine_MaterialFunctions02/Utility/BreakOutFloat3Components.uasset" 156
"../../../Engine/Content/Functions/Engine_MaterialFunctions02/Utility/BreakOutFloat3Components.uexp" 157
"../../../Engine/Content/Functions/Engine_MaterialFunctions02/Utility/MakeFloat3.uasset" 158
"../../../Engine/Content/Functions/Engine_MaterialFunctions02/Utility/MakeFloat3.uexp" 159
"../../../Engine/Content/Functions/Engine_MaterialFunctions02/Utility/MakeFloat4.uasset" 160
"../../../Engine/Content/Functions/Engine_MaterialFunctions02/Utility/MakeFloat4.uexp" 161
"../../../Engine/Content/EditorMaterials/WorldPartition/WorldPartitionSpatialHashGridPreviewMaterial.uasset" 162
"../../../Engine/Content/EditorMaterials/WorldPartition/WorldPartitionSpatialHashGridPreviewMaterial.uexp" 163
"../../../Engine/Content/EditorMaterials/Camera/CineMat.uasset" 164
"../../../Engine/Content/EditorMaterials/Camera/CineMat.uexp" 165
"../../../Engine/Content/EditorMaterials/Camera/MI_CineMat_Rig.uasset" 166
"../../../Engine/Content/EditorMaterials/Camera/MI_CineMat_Rig.uexp" 167
"../../../Engine/Content/EditorMeshes/Camera/SM_CraneRig_Arm.uasset" 168
"../../../Engine/Content/EditorMeshes/Camera/SM_CraneRig_Arm.uexp" 169
"../../../Engine/Content/EditorMeshes/Camera/SM_CraneRig_Arm.ubulk" 170
"../../../Engine/Content/EditorMeshes/Camera/SM_CraneRig_Base.uasset" 171
"../../../Engine/Content/EditorMeshes/Camera/SM_CraneRig_Base.uexp" 172
"../../../Engine/Content/EditorMeshes/Camera/SM_CraneRig_Base.ubulk" 173
"../../../Engine/Content/EditorMeshes/Camera/SM_CraneRig_Body.uasset" 174
"../../../Engine/Content/EditorMeshes/Camera/SM_CraneRig_Body.uexp" 175
"../../../Engine/Content/EditorMeshes/Camera/SM_CraneRig_Body.ubulk" 176
"../../../Engine/Content/EditorMeshes/Camera/SM_CraneRig_Mount.uasset" 177
"../../../Engine/Content/EditorMeshes/Camera/SM_CraneRig_Mount.uexp" 178
"../../../Engine/Content/EditorMeshes/Camera/SM_CraneRig_Mount.ubulk" 179
"../../../Engine/Content/EditorMeshes/Camera/SM_RailRig_Mount.uasset" 180
"../../../Engine/Content/EditorMeshes/Camera/SM_RailRig_Mount.uexp" 181
"../../../Engine/Content/EditorMeshes/Camera/SM_RailRig_Mount.ubulk" 182
"../../../Engine/Content/EditorMeshes/Camera/SM_RailRig_Track.uasset" 183
"../../../Engine/Content/EditorMeshes/Camera/SM_RailRig_Track.uexp" 184
"../../../Engine/Content/EditorMeshes/Camera/SM_RailRig_Track.ubulk" 185
"../../../Engine/Content/EditorResources/BSPVertex.uasset" 186
"../../../Engine/Content/EditorResources/BSPVertex.uexp" 187
"../../../Engine/Content/EditorResources/EmptyActor.uasset" 188
"../../../Engine/Content/EditorResources/EmptyActor.uexp" 189
"../../../Engine/Content/EditorResources/S_Actor.uasset" 190
"../../../Engine/Content/EditorResources/S_Actor.uexp" 191
"../../../Engine/Content/EditorResources/S_Actor.ubulk" 192
"../../../Engine/Content/EditorResources/S_BoxReflectionCapture.uasset" 193
"../../../Engine/Content/EditorResources/S_BoxReflectionCapture.uexp" 194
"../../../Engine/Content/EditorResources/S_Note.uasset" 195
"../../../Engine/Content/EditorResources/S_Note.uexp" 196
"../../../Engine/Content/EditorResources/S_Solver.uasset" 197
"../../../Engine/Content/EditorResources/S_Solver.uexp" 198
"../../../Engine/Content/EditorResources/S_Solver.ubulk" 199
"../../../Engine/Content/EditorResources/S_Terrain.uasset" 200
"../../../Engine/Content/EditorResources/S_Terrain.uexp" 201
"../../../Engine/Content/EditorResources/S_Terrain.ubulk" 202
"../../../Engine/Content/EditorResources/S_Trigger.uasset" 203
"../../../Engine/Content/EditorResources/S_Trigger.uexp" 204
"../../../Engine/Content/EditorResources/S_Trigger.ubulk" 205
"../../../Engine/Content/EditorResources/S_TriggerBox.uasset" 206
"../../../Engine/Content/EditorResources/S_TriggerBox.uexp" 207
"../../../Engine/Content/EditorResources/S_TriggerCapsule.uasset" 208
"../../../Engine/Content/EditorResources/S_TriggerCapsule.uexp" 209
"../../../Engine/Content/EditorResources/S_TriggerSphere.uasset" 210
"../../../Engine/Content/EditorResources/S_TriggerSphere.uexp" 211
"../../../Engine/Content/EditorResources/LightIcons/S_LightError.uasset" 212
"../../../Engine/Content/EditorResources/LightIcons/S_LightError.uexp" 213
"../../../Engine/Content/EditorResources/SequenceRecorder/Countdown.uasset" 214
"../../../Engine/Content/EditorResources/SequenceRecorder/Countdown.uexp" 215
"../../../Engine/Content/EditorResources/SequenceRecorder/RecordingIndicator.uasset" 216
"../../../Engine/Content/EditorResources/SequenceRecorder/RecordingIndicator.uexp" 217
"../../../Engine/Content/EngineDamageTypes/DmgTypeBP_Environmental.uasset" 218
"../../../Engine/Content/EngineDamageTypes/DmgTypeBP_Environmental.uexp" 219
"../../../Engine/Content/EngineDebugMaterials/DebugEditorMaterial.uasset" 220
"../../../Engine/Content/EngineDebugMaterials/DebugEditorMaterial.uexp" 221
"../../../Engine/Content/EngineDebugMaterials/DebugMeshMaterial.uasset" 222
"../../../Engine/Content/EngineDebugMaterials/DebugMeshMaterial.uexp" 223
"../../../Engine/Content/EngineDebugMaterials/M_SimpleUnlitTranslucent.uasset" 224
"../../../Engine/Content/EngineDebugMaterials/M_SimpleUnlitTranslucent.uexp" 225
"../../../Engine/Content/Functions/Engine_MaterialFunctions02/Utility/CameraDirectionVector.uasset" 226
"../../../Engine/Content/Functions/Engine_MaterialFunctions02/Utility/CameraDirectionVector.uexp" 227
"../../../Engine/Content/EngineDebugMaterials/VolumeToRender.uasset" 228
"../../../Engine/Content/EngineDebugMaterials/VolumeToRender.uexp" 229
"../../../Engine/Content/EngineDebugMaterials/M_VolumeRenderSphereTracePP.uasset" 230
"../../../Engine/Content/EngineDebugMaterials/M_VolumeRenderSphereTracePP.uexp" 231
"../../../Engine/Content/Functions/Engine_MaterialFunctions01/Shading/ConvertFromDiffSpec.uasset" 232
"../../../Engine/Content/Functions/Engine_MaterialFunctions01/Shading/ConvertFromDiffSpec.uexp" 233
"../../../Engine/Content/EngineDebugMaterials/VertexColorMaterial.uasset" 234
"../../../Engine/Content/EngineDebugMaterials/VertexColorMaterial.uexp" 235
"../../../Engine/Content/EngineDebugMaterials/WireframeMaterial.uasset" 236
"../../../Engine/Content/EngineDebugMaterials/WireframeMaterial.uexp" 237
"../../../Engine/Content/EngineFonts/Faces/DroidSansFallback.uasset" 238
"../../../Engine/Content/EngineFonts/Faces/DroidSansFallback.uexp" 239
"../../../Engine/Content/EngineFonts/Faces/DroidSansFallback.ufont" 240
"../../../Engine/Content/EngineFonts/Faces/RobotoRegular.uasset" 241
"../../../Engine/Content/EngineFonts/Faces/RobotoRegular.uexp" 242
"../../../Engine/Content/EngineFonts/Faces/RobotoRegular.ufont" 243
"../../../Engine/Content/EngineFonts/Faces/RobotoBoldItalic.uasset" 244
"../../../Engine/Content/EngineFonts/Faces/RobotoBoldItalic.uexp" 245
"../../../Engine/Content/EngineFonts/Faces/RobotoBoldItalic.ufont" 246
"../../../Engine/Content/EngineFonts/Faces/RobotoItalic.uasset" 247
"../../../Engine/Content/EngineFonts/Faces/RobotoItalic.uexp" 248
"../../../Engine/Content/EngineFonts/Faces/RobotoItalic.ufont" 249
"../../../Engine/Content/EngineFonts/Faces/RobotoLight.uasset" 250
"../../../Engine/Content/EngineFonts/Faces/RobotoLight.uexp" 251
"../../../Engine/Content/EngineFonts/Faces/RobotoLight.ufont" 252
"../../../Engine/Content/EngineFonts/Faces/RobotoBold.uasset" 253
"../../../Engine/Content/EngineFonts/Faces/RobotoBold.uexp" 254
"../../../Engine/Content/EngineFonts/Faces/RobotoBold.ufont" 255
"../../../Engine/Content/EngineFonts/Roboto.uasset" 256
"../../../Engine/Content/EngineFonts/Roboto.uexp" 257
"../../../Engine/Content/EngineMaterials/BaseFlattenDiffuseMap.uasset" 258
"../../../Engine/Content/EngineMaterials/BaseFlattenDiffuseMap.uexp" 259
"../../../Engine/Content/EngineMaterials/BaseFlattenEmissiveMap.uasset" 260
"../../../Engine/Content/EngineMaterials/BaseFlattenEmissiveMap.uexp" 261
"../../../Engine/Content/EngineMaterials/BaseFlattenGrayscaleMap.uasset" 262
"../../../Engine/Content/EngineMaterials/BaseFlattenGrayscaleMap.uexp" 263
"../../../Engine/Content/EngineMaterials/BaseFlattenNormalMap.uasset" 264
"../../../Engine/Content/EngineMaterials/BaseFlattenNormalMap.uexp" 265
"../../../Engine/Content/EngineMaterials/BaseFlattenMaterial.uasset" 266
"../../../Engine/Content/EngineMaterials/BaseFlattenMaterial.uexp" 267
"../../../Engine/Content/EngineMaterials/BaseFlattenEmissiveMap_VT.uasset" 268
"../../../Engine/Content/EngineMaterials/BaseFlattenEmissiveMap_VT.uexp" 269
"../../../Engine/Content/EngineMaterials/BaseFlattenNormalMap_VT.uasset" 270
"../../../Engine/Content/EngineMaterials/BaseFlattenNormalMap_VT.uexp" 271
"../../../Engine/Content/EngineMaterials/BaseFlattenGrayscaleMap_VT.uasset" 272
"../../../Engine/Content/EngineMaterials/BaseFlattenGrayscaleMap_VT.uexp" 273
"../../../Engine/Content/EngineMaterials/BaseFlattenDiffuseMap_VT.uasset" 274
"../../../Engine/Content/EngineMaterials/BaseFlattenDiffuseMap_VT.uexp" 275
"../../../Engine/Content/EngineMaterials/BaseFlattenMaterial_VT.uasset" 276
"../../../Engine/Content/EngineMaterials/BaseFlattenMaterial_VT.uexp" 277
"../../../Engine/Content/EngineMaterials/BlueNoise.uasset" 278
"../../../Engine/Content/EngineMaterials/BlueNoise.uexp" 279
"../../../Engine/Content/EngineMaterials/DefaultBloomKernel.uasset" 280
"../../../Engine/Content/EngineMaterials/DefaultBloomKernel.uexp" 281
"../../../Engine/Content/EngineMaterials/DefaultBokeh.uasset" 282
"../../../Engine/Content/EngineMaterials/DefaultBokeh.uexp" 283
"../../../Engine/Content/EngineMaterials/DefaultDiffuse.uasset" 284
"../../../Engine/Content/EngineMaterials/DefaultDiffuse.uexp" 285
"../../../Engine/Content/EngineMaterials/DefaultDiffuse.ubulk" 286
"../../../Engine/Content/EngineMaterials/DefaultDeferredDecalMaterial.uasset" 287
"../../../Engine/Content/EngineMaterials/DefaultDeferredDecalMaterial.uexp" 288
"../../../Engine/Content/EngineMaterials/DefaultLightFunctionMaterial.uasset" 289
"../../../Engine/Content/EngineMaterials/DefaultLightFunctionMaterial.uexp" 290
"../../../Engine/Content/EngineMaterials/DefaultPhysicalMaterial.uasset" 291
"../../../Engine/Content/EngineMaterials/DefaultPhysicalMaterial.uexp" 292
"../../../Engine/Content/Functions/Engine_MaterialFunctions02/Utility/BreakOutFloat2Components.uasset" 293
"../../../Engine/Content/Functions/Engine_MaterialFunctions02/Utility/BreakOutFloat2Components.uexp" 294
"../../../Engine/Content/EngineMaterials/DefaultPostProcessMaterial.uasset" 295
"../../../Engine/Content/EngineMaterials/DefaultPostProcessMaterial.uexp" 296
"../../../Engine/Content/EngineFonts/RobotoDistanceField.uasset" 297
"../../../Engine/Content/EngineFonts/RobotoDistanceField.uexp" 298
"../../../Engine/Content/EngineMaterials/DefaultTextMaterialOpaque.uasset" 299
"../../../Engine/Content/EngineMaterials/DefaultTextMaterialOpaque.uexp" 300
"../../../Engine/Content/EngineMaterials/DefaultWhiteGrid.uasset" 301
"../../../Engine/Content/EngineMaterials/DefaultWhiteGrid.uexp" 302
"../../../Engine/Content/EngineMaterials/DefaultWhiteGrid.ubulk" 303
"../../../Engine/Content/EngineMaterials/DefaultWhiteGrid_Low.uasset" 304
"../../../Engine/Content/EngineMaterials/DefaultWhiteGrid_Low.uexp" 305
"../../../Engine/Content/EngineMaterials/EmissiveMeshMaterial.uasset" 306
"../../../Engine/Content/EngineMaterials/EmissiveMeshMaterial.uexp" 307
"../../../Engine/Content/EngineMaterials/GizmoMaterial.uasset" 308
"../../../Engine/Content/EngineMaterials/GizmoMaterial.uexp" 309
"../../../Engine/Content/EngineMaterials/Good64x64TilingNoiseHighFreq.uasset" 310
"../../../Engine/Content/EngineMaterials/Good64x64TilingNoiseHighFreq.uexp" 311
"../../../Engine/Content/EngineMaterials/MiniFont.uasset" 312
"../../../Engine/Content/EngineMaterials/MiniFont.uexp" 313
"../../../Engine/Content/EngineMaterials/InvalidLightmapSettings.uasset" 314
"../../../Engine/Content/EngineMaterials/InvalidLightmapSettings.uexp" 315
"../../../Engine/Content/EngineMaterials/InvalidLightmapSettings.ubulk" 316
"../../../Engine/Content/EngineMaterials/M_InvalidLightmapSettings.uasset" 317
"../../../Engine/Content/EngineMaterials/M_InvalidLightmapSettings.uexp" 318
"../../../Engine/Content/Functions/Engine_MaterialFunctions02/WorldPositionOffset/CameraOffset.uasset" 319
"../../../Engine/Content/Functions/Engine_MaterialFunctions02/WorldPositionOffset/CameraOffset.uexp" 320
"../../../Engine/Content/EngineMaterials/PhAT_JointLimitMaterial.uasset" 321
"../../../Engine/Content/EngineMaterials/PhAT_JointLimitMaterial.uexp" 322
"../../../Engine/Content/EngineMaterials/PreintegratedSkinBRDF.uasset" 323
"../../../Engine/Content/EngineMaterials/PreintegratedSkinBRDF.uexp" 324
"../../../Engine/Content/EngineMaterials/RemoveSurfaceMaterial.uasset" 325
"../../../Engine/Content/EngineMaterials/RemoveSurfaceMaterial.uexp" 326
"../../../Engine/Content/EngineMaterials/WeightMapPlaceholderTexture.uasset" 327
"../../../Engine/Content/EngineMaterials/WeightMapPlaceholderTexture.uexp" 328
"../../../Engine/Content/EngineResources/WhiteSquareTexture.uasset" 329
"../../../Engine/Content/EngineResources/WhiteSquareTexture.uexp" 330
"../../../Engine/Content/EngineMaterials/Widget3DPassThrough.uasset" 331
"../../../Engine/Content/EngineMaterials/Widget3DPassThrough.uexp" 332
"../../../Engine/Content/EngineMaterials/Widget3DPassThrough_Masked.uasset" 333
"../../../Engine/Content/EngineMaterials/Widget3DPassThrough_Masked.uexp" 334
"../../../Engine/Content/EngineMaterials/Widget3DPassThrough_Opaque.uasset" 335
"../../../Engine/Content/EngineMaterials/Widget3DPassThrough_Opaque.uexp" 336
"../../../Engine/Content/EngineMaterials/Widget3DPassThrough_Masked_OneSided.uasset" 337
"../../../Engine/Content/EngineMaterials/Widget3DPassThrough_Masked_OneSided.uexp" 338
"../../../Engine/Content/EngineMaterials/Widget3DPassThrough_Opaque_OneSided.uasset" 339
"../../../Engine/Content/EngineMaterials/Widget3DPassThrough_Opaque_OneSided.uexp" 340
"../../../Engine/Content/EngineMaterials/Widget3DPassThrough_Translucent.uasset" 341
"../../../Engine/Content/EngineMaterials/Widget3DPassThrough_Translucent.uexp" 342
"../../../Engine/Content/EngineMaterials/Widget3DPassThrough_Translucent_OneSided.uasset" 343
"../../../Engine/Content/EngineMaterials/Widget3DPassThrough_Translucent_OneSided.uexp" 344
"../../../Engine/Content/EngineMeshes/Sphere.uasset" 345
"../../../Engine/Content/EngineMeshes/Sphere.uexp" 346
"../../../Engine/Content/EngineMeshes/Sphere.ubulk" 347
"../../../Engine/Content/EngineResources/Black.uasset" 348
"../../../Engine/Content/EngineResources/Black.uexp" 349
"../../../Engine/Content/EngineResources/DefaultTextureCube.uasset" 350
"../../../Engine/Content/EngineResources/DefaultTextureCube.uexp" 351
"../../../Engine/Content/EngineResources/DefaultVolumeTexture2D.uasset" 352
"../../../Engine/Content/EngineResources/DefaultVolumeTexture2D.uexp" 353
"../../../Engine/Content/EngineResources/DefaultVolumeTexture.uasset" 354
"../../../Engine/Content/EngineResources/DefaultVolumeTexture.uexp" 355
"../../../Engine/Content/EngineResources/GradientTexture0.uasset" 356
"../../../Engine/Content/EngineResources/GradientTexture0.uexp" 357
"../../../Engine/Content/EngineSky/VolumetricClouds/CloudGradientTexture.uasset" 358
"../../../Engine/Content/EngineSky/VolumetricClouds/CloudGradientTexture.uexp" 359
"../../../Engine/Content/EngineSky/VolumetricClouds/CloudWeatherTexture.uasset" 360
"../../../Engine/Content/EngineSky/VolumetricClouds/CloudWeatherTexture.uexp" 361
"../../../Engine/Content/Functions/Engine_MaterialFunctions02/Utility/MakeFloat2.uasset" 362
"../../../Engine/Content/Functions/Engine_MaterialFunctions02/Utility/MakeFloat2.uexp" 363
"../../../Engine/Content/EngineSky/VolumetricClouds/T_NoiseErosion.uasset" 364
"../../../Engine/Content/EngineSky/VolumetricClouds/T_NoiseErosion.uexp" 365
"../../../Engine/Content/EngineSky/VolumetricClouds/T_NoiseErosion.ubulk" 366
"../../../Engine/Content/EngineSky/VolumetricClouds/T_VolumeNoiseErosion32.uasset" 367
"../../../Engine/Content/EngineSky/VolumetricClouds/T_VolumeNoiseErosion32.uexp" 368
"../../../Engine/Content/EngineSky/VolumetricClouds/T_NoiseShape64.uasset" 369
"../../../Engine/Content/EngineSky/VolumetricClouds/T_NoiseShape64.uexp" 370
"../../../Engine/Content/EngineSky/VolumetricClouds/T_NoiseShape64.ubulk" 371
"../../../Engine/Content/EngineSky/VolumetricClouds/T_VolumeNoiseShape64.uasset" 372
"../../../Engine/Content/EngineSky/VolumetricClouds/T_VolumeNoiseShape64.uexp" 373
"../../../Engine/Content/EngineSky/VolumetricClouds/m_SimpleVolumetricCloud.uasset" 374
"../../../Engine/Content/EngineSky/VolumetricClouds/m_SimpleVolumetricCloud.uexp" 375
"../../../Engine/Content/EngineSky/VolumetricClouds/m_SimpleVolumetricCloud_Inst.uasset" 376
"../../../Engine/Content/EngineSky/VolumetricClouds/m_SimpleVolumetricCloud_Inst.uexp" 377
"../../../Engine/Content/EngineSounds/Master.uasset" 378
"../../../Engine/Content/EngineSounds/Master.uexp" 379
"../../../Engine/Content/Functions/Engine_MaterialFunctions01/Shading/PowerToRoughness.uasset" 380
"../../../Engine/Content/Functions/Engine_MaterialFunctions01/Shading/PowerToRoughness.uexp" 381
"../../../Engine/Content/Maps/Templates/Thumbnails/Default.uasset" 382
"../../../Engine/Content/Maps/Templates/Thumbnails/Default.uexp" 383
"../../../Engine/Content/Maps/Templates/Thumbnails/TimeOfDay.uasset" 384
"../../../Engine/Content/Maps/Templates/Thumbnails/TimeOfDay.uexp" 385
"../../../Engine/Content/Maps/Templates/Thumbnails/VR-Basic.uasset" 386
"../../../Engine/Content/Maps/Templates/Thumbnails/VR-Basic.uexp" 387
"../../../Engine/Content/MobileResources/T_MobileControls_texture.uasset" 388
"../../../Engine/Content/MobileResources/T_MobileControls_texture.uexp" 389
"../../../Engine/Content/MobileResources/T_MobileMenu2.uasset" 390
"../../../Engine/Content/MobileResources/T_MobileMenu2.uexp" 391
"../../../Engine/Content/MobileResources/HUD/AnalogHat.uasset" 392
"../../../Engine/Content/MobileResources/HUD/AnalogHat.uexp" 393
"../../../Engine/Content/MobileResources/HUD/VirtualJoystick_Background.uasset" 394
"../../../Engine/Content/MobileResources/HUD/VirtualJoystick_Background.uexp" 395
"../../../Engine/Content/MobileResources/HUD/VirtualJoystick_Thumb.uasset" 396
"../../../Engine/Content/MobileResources/HUD/VirtualJoystick_Thumb.uexp" 397
"../../../Engine/Content/MobileResources/HUD/DefaultVirtualJoysticks.uasset" 398
"../../../Engine/Content/MobileResources/HUD/DefaultVirtualJoysticks.uexp" 399
"../../../Engine/Content/MobileResources/HUD/LeftVirtualJoystickOnly.uasset" 400
"../../../Engine/Content/MobileResources/HUD/LeftVirtualJoystickOnly.uexp" 401
"../../../Engine/Content/MobileResources/HUD/MobileHUDButton1_off.uasset" 402
"../../../Engine/Content/MobileResources/HUD/MobileHUDButton1_off.uexp" 403
"../../../Engine/Content/MobileResources/HUD/MobileHUDButton1_on.uasset" 404
"../../../Engine/Content/MobileResources/HUD/MobileHUDButton1_on.uexp" 405
"../../../Engine/Content/MobileResources/HUD/MobileHUDButton2_off.uasset" 406
"../../../Engine/Content/MobileResources/HUD/MobileHUDButton2_off.uexp" 407
"../../../Engine/Content/MobileResources/HUD/MobileHUDButton2_on.uasset" 408
"../../../Engine/Content/MobileResources/HUD/MobileHUDButton2_on.uexp" 409
"../../../Engine/Content/MobileResources/HUD/MobileHUDButton3.uasset" 410
"../../../Engine/Content/MobileResources/HUD/MobileHUDButton3.uexp" 411
"../../../Engine/Content/MobileResources/HUD/MobileHUDButtonFire.uasset" 412
"../../../Engine/Content/MobileResources/HUD/MobileHUDButtonFire.uexp" 413
"../../../Engine/Content/MobileResources/HUD/MobileHUDDirectionPad.uasset" 414
"../../../Engine/Content/MobileResources/HUD/MobileHUDDirectionPad.uexp" 415
"../../../Engine/Content/MobileResources/HUD/MobileHUDDirectionPad2.uasset" 416
"../../../Engine/Content/MobileResources/HUD/MobileHUDDirectionPad2.uexp" 417
"../../../Engine/Content/MobileResources/HUD/MobileHUDDirectionPad3.uasset" 418
"../../../Engine/Content/MobileResources/HUD/MobileHUDDirectionPad3.uexp" 419
"../../../Engine/Content/MobileResources/HUD/MobileHUDDirectionStick.uasset" 420
"../../../Engine/Content/MobileResources/HUD/MobileHUDDirectionStick.uexp" 421
"../../../Engine/Content/MobileResources/HUD/T_Castle_ThumbstickInner.uasset" 422
"../../../Engine/Content/MobileResources/HUD/T_Castle_ThumbstickInner.uexp" 423
"../../../Engine/Content/MobileResources/HUD/T_Castle_ThumbstickOutter.uasset" 424
"../../../Engine/Content/MobileResources/HUD/T_Castle_ThumbstickOutter.uexp" 425
"../../../Engine/Content/Tutorial/ContentIntroCurve.uasset" 426
"../../../Engine/Content/Tutorial/ContentIntroCurve.uexp" 427
"../../../Engine/Content/VREditor/LaserPointer/VR_LaserPower_01.uasset" 428
"../../../Engine/Content/VREditor/LaserPointer/VR_LaserPower_01.uexp" 429
"../../../Engine/Content/VREditor/LaserPointer/VR_LaserPower_01.ubulk" 430
"../../../Engine/Content/VREditor/TransformGizmo/TransformGizmoMaterial.uasset" 431
"../../../Engine/Content/VREditor/TransformGizmo/TransformGizmoMaterial.uexp" 432
"../../../Engine/Content/VREditor/TransformGizmo/TranslucentTransformGizmoMaterial.uasset" 433
"../../../Engine/Content/VREditor/TransformGizmo/TranslucentTransformGizmoMaterial.uexp" 434
"../../../Engine/Content/VREditor/TransformGizmo/BoundingBoxCorner.uasset" 435
"../../../Engine/Content/VREditor/TransformGizmo/BoundingBoxCorner.uexp" 436
"../../../Engine/Content/VREditor/TransformGizmo/BoundingBoxCorner.ubulk" 437
"../../../Engine/Content/VREditor/TransformGizmo/BoundingBoxEdge.uasset" 438
"../../../Engine/Content/VREditor/TransformGizmo/BoundingBoxEdge.uexp" 439
"../../../Engine/Content/VREditor/TransformGizmo/BoundingBoxEdge.ubulk" 440
"../../../Engine/Content/VREditor/TransformGizmo/PlaneTranslationHandle.uasset" 441
"../../../Engine/Content/VREditor/TransformGizmo/PlaneTranslationHandle.uexp" 442
"../../../Engine/Content/VREditor/TransformGizmo/PlaneTranslationHandle.ubulk" 443
"../../../Engine/Content/VREditor/TransformGizmo/Xray.uasset" 444
"../../../Engine/Content/VREditor/TransformGizmo/Xray.uexp" 445
"../../../Engine/Content/VREditor/TransformGizmo/Main.uasset" 446
"../../../Engine/Content/VREditor/TransformGizmo/Main.uexp" 447
"../../../Engine/Content/VREditor/TransformGizmo/SM_Sequencer_Key.uasset" 448
"../../../Engine/Content/VREditor/TransformGizmo/SM_Sequencer_Key.uexp" 449
"../../../Engine/Content/VREditor/TransformGizmo/SM_Sequencer_Key.ubulk" 450
"../../../Engine/Content/VREditor/TransformGizmo/SM_Sequencer_Node.uasset" 451
"../../../Engine/Content/VREditor/TransformGizmo/SM_Sequencer_Node.uexp" 452
"../../../Engine/Content/VREditor/TransformGizmo/SM_Sequencer_Node.ubulk" 453
"../../../Engine/Plugins/2D/Paper2D/Content/PlaceholderTextures/DummySpriteTexture.uasset" 454
"../../../Engine/Plugins/2D/Paper2D/Content/PlaceholderTextures/DummySpriteTexture.uexp" 455
"../../../Engine/Plugins/2D/Paper2D/Content/PlaceholderTextures/DummySpriteTexture.ubulk" 456
"../../../Engine/Plugins/2D/Paper2D/Content/DummySprite.uasset" 457
"../../../Engine/Plugins/2D/Paper2D/Content/DummySprite.uexp" 458
"../../../Engine/Plugins/2D/Paper2D/Content/DefaultPaperTerrainMaterial.uasset" 459
"../../../Engine/Plugins/2D/Paper2D/Content/DefaultPaperTerrainMaterial.uexp" 460
"../../../Engine/Plugins/2D/Paper2D/Content/DefaultSpriteMaterial.uasset" 461
"../../../Engine/Plugins/2D/Paper2D/Content/DefaultSpriteMaterial.uexp" 462
"../../../Engine/Plugins/2D/Paper2D/Content/MaskedUnlitSpriteMaterial.uasset" 463
"../../../Engine/Plugins/2D/Paper2D/Content/MaskedUnlitSpriteMaterial.uexp" 464
"../../../Engine/Plugins/2D/Paper2D/Content/OpaqueUnlitSpriteMaterial.uasset" 465
"../../../Engine/Plugins/2D/Paper2D/Content/OpaqueUnlitSpriteMaterial.uexp" 466
"../../../Engine/Content/BasicShapes/Cylinder.uasset" 467
"../../../Engine/Content/BasicShapes/Cylinder.uexp" 468
"../../../Engine/Content/BasicShapes/Cylinder.ubulk" 469
"../../../Engine/Content/ArtTools/RenderToTexture/Materials/Debug/M_Emissive_Color.uasset" 470
"../../../Engine/Content/ArtTools/RenderToTexture/Materials/Debug/M_Emissive_Color.uexp" 471
"../../../Engine/Plugins/Lumin/MagicLeapPassableWorld/Content/MagicLeapARPinInfoActor.uasset" 472
"../../../Engine/Plugins/Lumin/MagicLeapPassableWorld/Content/MagicLeapARPinInfoActor.uexp" 473
"../../../Engine/Content/Functions/Engine_MaterialFunctions02/SafeNormalize.uasset" 474
"../../../Engine/Content/Functions/Engine_MaterialFunctions02/SafeNormalize.uexp" 475
"../../../Engine/Content/Functions/Engine_MaterialFunctions02/ObjectLocalBounds.uasset" 476
"../../../Engine/Content/Functions/Engine_MaterialFunctions02/ObjectLocalBounds.uexp" 477
"../../../Engine/Content/Functions/Engine_MaterialFunctions02/UVs/BoundingBoxBased_0-1_UVW.uasset" 478
"../../../Engine/Content/Functions/Engine_MaterialFunctions02/UVs/BoundingBoxBased_0-1_UVW.uexp" 479
"../../../Engine/Plugins/Editor/SpeedTreeImporter/Content/SpeedTree9/game_wind_noise.uasset" 480
"../../../Engine/Plugins/Editor/SpeedTreeImporter/Content/SpeedTree9/game_wind_noise.uexp" 481
"../../../Engine/Plugins/Editor/SpeedTreeImporter/Content/SpeedTree9/game_wind_noise.ubulk" 482
"../../../Engine/Plugins/Editor/SpeedTreeImporter/Content/SpeedTree9/SpeedTreeBillboard.uasset" 483
"../../../Engine/Plugins/Editor/SpeedTreeImporter/Content/SpeedTree9/SpeedTreeBillboard.uexp" 484
"../../../Engine/Plugins/Editor/SpeedTreeImporter/Content/SpeedTree9/SpeedTreeWindMotion.uasset" 485
"../../../Engine/Plugins/Editor/SpeedTreeImporter/Content/SpeedTree9/SpeedTreeWindMotion.uexp" 486
"../../../Engine/Plugins/Editor/SpeedTreeImporter/Content/SpeedTree9/UnpackDirection.uasset" 487
"../../../Engine/Plugins/Editor/SpeedTreeImporter/Content/SpeedTree9/UnpackDirection.uexp" 488
"../../../Engine/Plugins/Editor/SpeedTreeImporter/Content/SpeedTree9/UnpackInteger3.uasset" 489
"../../../Engine/Plugins/Editor/SpeedTreeImporter/Content/SpeedTree9/UnpackInteger3.uexp" 490
"../../../Engine/Plugins/Editor/SpeedTreeImporter/Content/SpeedTree9/SpeedTreeBranchMotion.uasset" 491
"../../../Engine/Plugins/Editor/SpeedTreeImporter/Content/SpeedTree9/SpeedTreeBranchMotion.uexp" 492
"../../../Engine/Plugins/Editor/SpeedTreeImporter/Content/SpeedTree9/SpeedTreeWind.uasset" 493
"../../../Engine/Plugins/Editor/SpeedTreeImporter/Content/SpeedTree9/SpeedTreeWind.uexp" 494
"../../../Engine/Content/EngineResources/DefaultTexture.uasset" 495
"../../../Engine/Content/EngineResources/DefaultTexture.uexp" 496
"../../../Engine/Content/EngineResources/DefaultTexture.ubulk" 497
"../../../Engine/Plugins/Editor/SpeedTreeImporter/Content/SpeedTree9/SpeedTreeBillboardMaster.uasset" 498
"../../../Engine/Plugins/Editor/SpeedTreeImporter/Content/SpeedTree9/SpeedTreeBillboardMaster.uexp" 499
"../../../Engine/Plugins/Editor/SpeedTreeImporter/Content/SpeedTree9/SpeedTreeCameraFacing.uasset" 500
"../../../Engine/Plugins/Editor/SpeedTreeImporter/Content/SpeedTree9/SpeedTreeCameraFacing.uexp" 501
"../../../Engine/Plugins/Editor/SpeedTreeImporter/Content/SpeedTree9/SpeedTreeMaster.uasset" 502
"../../../Engine/Plugins/Editor/SpeedTreeImporter/Content/SpeedTree9/SpeedTreeMaster.uexp" 503
"../../../Engine/Plugins/Runtime/HairStrands/Content/Materials/HairCardsDefaultMaterial.uasset" 504
"../../../Engine/Plugins/Runtime/HairStrands/Content/Materials/HairCardsDefaultMaterial.uexp" 505
"../../../Engine/Content/EngineMaterials/HairColorMap.uasset" 506
"../../../Engine/Content/EngineMaterials/HairColorMap.uexp" 507
"../../../Engine/Content/EngineMaterials/HairDebugColor.uasset" 508
"../../../Engine/Content/EngineMaterials/HairDebugColor.uexp" 509
"../../../Engine/Plugins/Runtime/HairStrands/Content/Materials/HairDebugMaterial.uasset" 510
"../../../Engine/Plugins/Runtime/HairStrands/Content/Materials/HairDebugMaterial.uexp" 511
"../../../Engine/Plugins/Runtime/HairStrands/Content/Materials/HairDefaultMaterial.uasset" 512
"../../../Engine/Plugins/Runtime/HairStrands/Content/Materials/HairDefaultMaterial.uexp" 513
"../../../Engine/Plugins/Runtime/HairStrands/Content/Materials/HairMeshesDefaultMaterial.uasset" 514
"../../../Engine/Plugins/Runtime/HairStrands/Content/Materials/HairMeshesDefaultMaterial.uexp" 515
"../../../Engine/Content/Functions/Engine_MaterialFunctions02/Utility/BreakOutFloat4Components.uasset" 516
"../../../Engine/Content/Functions/Engine_MaterialFunctions02/Utility/BreakOutFloat4Components.uexp" 517
"../../../Engine/Plugins/Runtime/Oculus/OculusVR/Content/Materials/OculusMR_ChromaKey.uasset" 518
"../../../Engine/Plugins/Runtime/Oculus/OculusVR/Content/Materials/OculusMR_ChromaKey.uexp" 519
"../../../Engine/Plugins/Runtime/Oculus/OculusVR/Content/Materials/OculusMR_OpaqueColoredMaterial.uasset" 520
"../../../Engine/Plugins/Runtime/Oculus/OculusVR/Content/Materials/OculusMR_OpaqueColoredMaterial.uexp" 521
"../../../Engine/Plugins/Runtime/Oculus/OculusVR/Content/Materials/PokeAHoleMaterial.uasset" 522
"../../../Engine/Plugins/Runtime/Oculus/OculusVR/Content/Materials/PokeAHoleMaterial.uexp" 523
"../../../Engine/Content/BasicShapes/Cube.uasset" 524
"../../../Engine/Content/BasicShapes/Cube.uexp" 525
"../../../Engine/Content/BasicShapes/Cube.ubulk" 526
"../../../Engine/Content/BasicShapes/BasicShapeMaterial.uasset" 527
"../../../Engine/Content/BasicShapes/BasicShapeMaterial.uexp" 528
"C:/Unreal Projects/Repositories/M_B/MeatBall/Content/Geometry/Meshes/BasicShapeMaterial_Inst1.uasset" 529
"C:/Unreal Projects/Repositories/M_B/MeatBall/Content/Geometry/Meshes/BasicShapeMaterial_Inst1.uexp" 530
"C:/Unreal Projects/Repositories/M_B/MeatBall/Content/Geometry/Meshes/Arrow.uasset" 531
"C:/Unreal Projects/Repositories/M_B/MeatBall/Content/Geometry/Meshes/Arrow.uexp" 532
"C:/Unreal Projects/Repositories/M_B/MeatBall/Content/Levels/1Cells/0010_Variations/Room_1_0010_0.uexp" 533
"C:/Unreal Projects/Repositories/M_B/MeatBall/Content/Levels/1Cells/0010_Variations/Room_1_0010_0.umap" 534
"C:/Unreal Projects/Repositories/M_B/MeatBall/Content/Levels/1Cells/0010_Variations/Room_1_0010_1.uexp" 535
"C:/Unreal Projects/Repositories/M_B/MeatBall/Content/Levels/1Cells/0010_Variations/Room_1_0010_1.umap" 536
"C:/Unreal Projects/Repositories/M_B/MeatBall/Content/Levels/1Cells/0010_Variations/Room_1_0010_2.uexp" 537
"C:/Unreal Projects/Repositories/M_B/MeatBall/Content/Levels/1Cells/0010_Variations/Room_1_0010_2.umap" 538
"C:/Unreal Projects/Repositories/M_B/MeatBall/Content/Levels/1Cells/0010_Variations/Room_1_0010_3.uexp" 539
"C:/Unreal Projects/Repositories/M_B/MeatBall/Content/Levels/1Cells/0010_Variations/Room_1_0010_3.umap" 540
"C:/Unreal Projects/Repositories/M_B/MeatBall/Content/Levels/1Cells/0010_Variations/Room_1_0010_4.uexp" 541
"C:/Unreal Projects/Repositories/M_B/MeatBall/Content/Levels/1Cells/0010_Variations/Room_1_0010_4.umap" 542
"C:/Unreal Projects/Repositories/M_B/MeatBall/Content/Levels/1Cells/0012_Variations/Room_1_0012_0.uexp" 543
"C:/Unreal Projects/Repositories/M_B/MeatBall/Content/Levels/1Cells/0012_Variations/Room_1_0012_0.umap" 544
"C:/Unreal Projects/Repositories/M_B/MeatBall/Content/Levels/1Cells/0012_Variations/Room_1_0012_1.uexp" 545
"C:/Unreal Projects/Repositories/M_B/MeatBall/Content/Levels/1Cells/0012_Variations/Room_1_0012_1.umap" 546
"C:/Unreal Projects/Repositories/M_B/MeatBall/Content/Levels/1Cells/0012_Variations/Room_1_0012_2.uexp" 547
"C:/Unreal Projects/Repositories/M_B/MeatBall/Content/Levels/1Cells/0012_Variations/Room_1_0012_2.umap" 548
"C:/Unreal Projects/Repositories/M_B/MeatBall/Content/Levels/1Cells/0012_Variations/Room_1_0012_3.uexp" 549
"C:/Unreal Projects/Repositories/M_B/MeatBall/Content/Levels/1Cells/0012_Variations/Room_1_0012_3.umap" 550
"C:/Unreal Projects/Repositories/M_B/MeatBall/Content/Levels/1Cells/0012_Variations/Room_1_0012_4.uexp" 551
"C:/Unreal Projects/Repositories/M_B/MeatBall/Content/Levels/1Cells/0012_Variations/Room_1_0012_4.umap" 552
"C:/Unreal Projects/Repositories/M_B/MeatBall/Content/Levels/1Cells/0012_Variations/Room_1_0012_5.uexp" 553
"C:/Unreal Projects/Repositories/M_B/MeatBall/Content/Levels/1Cells/0012_Variations/Room_1_0012_5.umap" 554
"C:/Unreal Projects/Repositories/M_B/MeatBall/Content/Levels/1Cells/0012_Variations/Room_1_0012_6.uexp" 555
"C:/Unreal Projects/Repositories/M_B/MeatBall/Content/Levels/1Cells/0012_Variations/Room_1_0012_6.umap" 556
"C:/Unreal Projects/Repositories/M_B/MeatBall/Content/Levels/1Cells/0012_Variations/Room_1_0012_7.uexp" 557
"C:/Unreal Projects/Repositories/M_B/MeatBall/Content/Levels/1Cells/0012_Variations/Room_1_0012_7.umap" 558
"C:/Unreal Projects/Repositories/M_B/MeatBall/Content/Levels/1Cells/0012_Variations/Room_1_0012_8.uexp" 559
"C:/Unreal Projects/Repositories/M_B/MeatBall/Content/Levels/1Cells/0012_Variations/Room_1_0012_8.umap" 560
"C:/Unreal Projects/Repositories/M_B/MeatBall/Content/Levels/1Cells/0012_Variations/Room_1_0012_9.uexp" 561
"C:/Unreal Projects/Repositories/M_B/MeatBall/Content/Levels/1Cells/0012_Variations/Room_1_0012_9.umap" 562
"C:/Unreal Projects/Repositories/M_B/MeatBall/Content/Levels/1Cells/0210_Variations/Room_1_0210_0.uexp" 563
"C:/Unreal Projects/Repositories/M_B/MeatBall/Content/Levels/1Cells/0210_Variations/Room_1_0210_0.umap" 564
"C:/Unreal Projects/Repositories/M_B/MeatBall/Content/Levels/1Cells/0210_Variations/Room_1_0210_1.uexp" 565
"C:/Unreal Projects/Repositories/M_B/MeatBall/Content/Levels/1Cells/0210_Variations/Room_1_0210_1.umap" 566
"C:/Unreal Projects/Repositories/M_B/MeatBall/Content/Levels/1Cells/0210_Variations/Room_1_0210_2.uexp" 567
"C:/Unreal Projects/Repositories/M_B/MeatBall/Content/Levels/1Cells/0210_Variations/Room_1_0210_2.umap" 568
"C:/Unreal Projects/Repositories/M_B/MeatBall/Content/Levels/1Cells/0210_Variations/Room_1_0210_3.uexp" 569
"C:/Unreal Projects/Repositories/M_B/MeatBall/Content/Levels/1Cells/0210_Variations/Room_1_0210_3.umap" 570
"C:/Unreal Projects/Repositories/M_B/MeatBall/Content/Levels/1Cells/0210_Variations/Room_1_0210_4.uexp" 571
"C:/Unreal Projects/Repositories/M_B/MeatBall/Content/Levels/1Cells/0210_Variations/Room_1_0210_4.umap" 572
"C:/Unreal Projects/Repositories/M_B/MeatBall/Content/Levels/1Cells/0210_Variations/Room_1_0210_5.uexp" 573
"C:/Unreal Projects/Repositories/M_B/MeatBall/Content/Levels/1Cells/0210_Variations/Room_1_0210_5.umap" 574
"C:/Unreal Projects/Repositories/M_B/MeatBall/Content/Levels/1Cells/0210_Variations/Room_1_0210_6.uexp" 575
"C:/Unreal Projects/Repositories/M_B/MeatBall/Content/Levels/1Cells/0210_Variations/Room_1_0210_6.umap" 576
"C:/Unreal Projects/Repositories/M_B/MeatBall/Content/Levels/1Cells/0210_Variations/Room_1_0210_7.uexp" 577
"C:/Unreal Projects/Repositories/M_B/MeatBall/Content/Levels/1Cells/0210_Variations/Room_1_0210_7.umap" 578
"C:/Unreal Projects/Repositories/M_B/MeatBall/Content/Levels/1Cells/0210_Variations/Room_1_0210_8.uexp" 579
"C:/Unreal Projects/Repositories/M_B/MeatBall/Content/Levels/1Cells/0210_Variations/Room_1_0210_8.umap" 580
"C:/Unreal Projects/Repositories/M_B/MeatBall/Content/Levels/1Cells/0210_Variations/Room_1_0210_9.uexp" 581
"C:/Unreal Projects/Repositories/M_B/MeatBall/Content/Levels/1Cells/0210_Variations/Room_1_0210_9.umap" 582
"C:/Unreal Projects/Repositories/M_B/MeatBall/Content/Levels/1Cells/2000_Variations/Room_1_2000_0.uexp" 583
"C:/Unreal Projects/Repositories/M_B/MeatBall/Content/Levels/1Cells/2000_Variations/Room_1_2000_0.umap" 584
"C:/Unreal Projects/Repositories/M_B/MeatBall/Content/Levels/1Cells/2000_Variations/Room_1_2000_1.uexp" 585
"C:/Unreal Projects/Repositories/M_B/MeatBall/Content/Levels/1Cells/2000_Variations/Room_1_2000_1.umap" 586
"C:/Unreal Projects/Repositories/M_B/MeatBall/Content/Levels/1Cells/2000_Variations/Room_1_2000_2.uexp" 587
"C:/Unreal Projects/Repositories/M_B/MeatBall/Content/Levels/1Cells/2000_Variations/Room_1_2000_2.umap" 588
"C:/Unreal Projects/Repositories/M_B/MeatBall/Content/Levels/1Cells/2000_Variations/Room_1_2000_3.uexp" 589
"C:/Unreal Projects/Repositories/M_B/MeatBall/Content/Levels/1Cells/2000_Variations/Room_1_2000_3.umap" 590
"C:/Unreal Projects/Repositories/M_B/MeatBall/Content/Levels/1Cells/2000_Variations/Room_1_2000_4.uexp" 591
"C:/Unreal Projects/Repositories/M_B/MeatBall/Content/Levels/1Cells/2000_Variations/Room_1_2000_4.umap" 592
"C:/Unreal Projects/Repositories/M_B/MeatBall/Content/Levels/1Cells/2010_Variations/Room_1_2010_0.uexp" 593
"C:/Unreal Projects/Repositories/M_B/MeatBall/Content/Levels/1Cells/2010_Variations/Room_1_2010_0.umap" 594
"C:/Unreal Projects/Repositories/M_B/MeatBall/Content/Levels/1Cells/2010_Variations/Room_1_2010_1.uexp" 595
"C:/Unreal Projects/Repositories/M_B/MeatBall/Content/Levels/1Cells/2010_Variations/Room_1_2010_1.umap" 596
"C:/Unreal Projects/Repositories/M_B/MeatBall/Content/Levels/1Cells/2010_Variations/Room_1_2010_2.uexp" 597
"C:/Unreal Projects/Repositories/M_B/MeatBall/Content/Levels/1Cells/2010_Variations/Room_1_2010_2.umap" 598
"C:/Unreal Projects/Repositories/M_B/MeatBall/Content/Levels/1Cells/2010_Variations/Room_1_2010_3.uexp" 599
"C:/Unreal Projects/Repositories/M_B/MeatBall/Content/Levels/1Cells/2010_Variations/Room_1_2010_3.umap" 600
"C:/Unreal Projects/Repositories/M_B/MeatBall/Content/Levels/1Cells/2010_Variations/Room_1_2010_4.uexp" 601
"C:/Unreal Projects/Repositories/M_B/MeatBall/Content/Levels/1Cells/2010_Variations/Room_1_2010_4.umap" 602
"C:/Unreal Projects/Repositories/M_B/MeatBall/Content/Levels/1Cells/2010_Variations/Room_1_2010_5.uexp" 603
"C:/Unreal Projects/Repositories/M_B/MeatBall/Content/Levels/1Cells/2010_Variations/Room_1_2010_5.umap" 604
"C:/Unreal Projects/Repositories/M_B/MeatBall/Content/Levels/1Cells/2010_Variations/Room_1_2010_6.uexp" 605
"C:/Unreal Projects/Repositories/M_B/MeatBall/Content/Levels/1Cells/2010_Variations/Room_1_2010_6.umap" 606
"C:/Unreal Projects/Repositories/M_B/MeatBall/Content/Levels/1Cells/2010_Variations/Room_1_2010_7.uexp" 607
"C:/Unreal Projects/Repositories/M_B/MeatBall/Content/Levels/1Cells/2010_Variations/Room_1_2010_7.umap" 608
"C:/Unreal Projects/Repositories/M_B/MeatBall/Content/Levels/1Cells/2010_Variations/Room_1_2010_8.uexp" 609
"C:/Unreal Projects/Repositories/M_B/MeatBall/Content/Levels/1Cells/2010_Variations/Room_1_2010_8.umap" 610
"C:/Unreal Projects/Repositories/M_B/MeatBall/Content/Levels/1Cells/2010_Variations/Room_1_2010_9.uexp" 611
"C:/Unreal Projects/Repositories/M_B/MeatBall/Content/Levels/1Cells/2010_Variations/Room_1_2010_9.umap" 612
"C:/Unreal Projects/Repositories/M_B/MeatBall/Content/Levels/1Cells/3D/1000000002_Variations/Room_1000000002_0.uexp" 613
"C:/Unreal Projects/Repositories/M_B/MeatBall/Content/Levels/1Cells/3D/1000000002_Variations/Room_1000000002_0.umap" 614
"C:/Unreal Projects/Repositories/M_B/MeatBall/Content/Levels/1Cells/3D/1000000020_Variations/Room_1000000020_0.uexp" 615
"C:/Unreal Projects/Repositories/M_B/MeatBall/Content/Levels/1Cells/3D/1000000020_Variations/Room_1000000020_0.umap" 616
"C:/Unreal Projects/Repositories/M_B/MeatBall/Content/Levels/1Cells/3D/1000000200_Variations/Room_1000000200_0.uexp" 617
"C:/Unreal Projects/Repositories/M_B/MeatBall/Content/Levels/1Cells/3D/1000000200_Variations/Room_1000000200_0.umap" 618
"C:/Unreal Projects/Repositories/M_B/MeatBall/Content/Levels/1Cells/3D/1000002000_Variations/Room_1000002000_0.uexp" 619
"C:/Unreal Projects/Repositories/M_B/MeatBall/Content/Levels/1Cells/3D/1000002000_Variations/Room_1000002000_0.umap" 620
"C:/Unreal Projects/Repositories/M_B/MeatBall/Content/Levels/1Cells/3D/1000020000_Variations/Room_1000020000_0.uexp" 621
"C:/Unreal Projects/Repositories/M_B/MeatBall/Content/Levels/1Cells/3D/1000020000_Variations/Room_1000020000_0.umap" 622
"C:/Unreal Projects/Repositories/M_B/MeatBall/Content/Levels/1Cells/3D/1000200000_Variations/Room_1000200000_0.uexp" 623
"C:/Unreal Projects/Repositories/M_B/MeatBall/Content/Levels/1Cells/3D/1000200000_Variations/Room_1000200000_0.umap" 624
"C:/Unreal Projects/Repositories/M_B/MeatBall/Content/Levels/1Cells/3D/1002000000_Variations/Room_1002000000_0.uexp" 625
"C:/Unreal Projects/Repositories/M_B/MeatBall/Content/Levels/1Cells/3D/1002000000_Variations/Room_1002000000_0.umap" 626
"C:/Unreal Projects/Repositories/M_B/MeatBall/Content/Levels/1Cells/3D/1020000000_Variations/Room_1020000000_0.uexp" 627
"C:/Unreal Projects/Repositories/M_B/MeatBall/Content/Levels/1Cells/3D/1020000000_Variations/Room_1020000000_0.umap" 628
"C:/Unreal Projects/Repositories/M_B/MeatBall/Content/Levels/1Cells/3D/1200000000_Variations/Room_1200000000_0.uexp" 629
"C:/Unreal Projects/Repositories/M_B/MeatBall/Content/Levels/1Cells/3D/1200000000_Variations/Room_1200000000_0.umap" 630
"C:/Unreal Projects/Repositories/M_B/MeatBall/Content/Levels/2Cells/000102_Variations/Room_2_000102_0.uexp" 631
"C:/Unreal Projects/Repositories/M_B/MeatBall/Content/Levels/2Cells/000102_Variations/Room_2_000102_0.umap" 632
"C:/Unreal Projects/Repositories/M_B/MeatBall/Content/Levels/2Cells/000102_Variations/Room_2_000102_1.uexp" 633
"C:/Unreal Projects/Repositories/M_B/MeatBall/Content/Levels/2Cells/000102_Variations/Room_2_000102_1.umap" 634
"C:/Unreal Projects/Repositories/M_B/MeatBall/Content/Levels/2Cells/000102_Variations/Room_2_000102_2.uexp" 635
"C:/Unreal Projects/Repositories/M_B/MeatBall/Content/Levels/2Cells/000102_Variations/Room_2_000102_2.umap" 636
"C:/Unreal Projects/Repositories/M_B/MeatBall/Content/Levels/2Cells/000102_Variations/Room_2_000102_3.uexp" 637
"C:/Unreal Projects/Repositories/M_B/MeatBall/Content/Levels/2Cells/000102_Variations/Room_2_000102_3.umap" 638
"C:/Unreal Projects/Repositories/M_B/MeatBall/Content/Levels/2Cells/000102_Variations/Room_2_000102_4.uexp" 639
"C:/Unreal Projects/Repositories/M_B/MeatBall/Content/Levels/2Cells/000102_Variations/Room_2_000102_4.umap" 640
"C:/Unreal Projects/Repositories/M_B/MeatBall/Content/Levels/2Cells/020100_Variations/Room_2_020100_0.uexp" 641
"C:/Unreal Projects/Repositories/M_B/MeatBall/Content/Levels/2Cells/020100_Variations/Room_2_020100_0.umap" 642
"C:/Unreal Projects/Repositories/M_B/MeatBall/Content/Levels/2Cells/020100_Variations/Room_2_020100_1.uexp" 643
"C:/Unreal Projects/Repositories/M_B/MeatBall/Content/Levels/2Cells/020100_Variations/Room_2_020100_1.umap" 644
"C:/Unreal Projects/Repositories/M_B/MeatBall/Content/Levels/2Cells/020100_Variations/Room_2_020100_2.uexp" 645
"C:/Unreal Projects/Repositories/M_B/MeatBall/Content/Levels/2Cells/020100_Variations/Room_2_020100_2.umap" 646
"C:/Unreal Projects/Repositories/M_B/MeatBall/Content/Levels/2Cells/020100_Variations/Room_2_020100_3.uexp" 647
"C:/Unreal Projects/Repositories/M_B/MeatBall/Content/Levels/2Cells/020100_Variations/Room_2_020100_3.umap" 648
"C:/Unreal Projects/Repositories/M_B/MeatBall/Content/Levels/2Cells/020100_Variations/Room_2_020100_4.uexp" 649
"C:/Unreal Projects/Repositories/M_B/MeatBall/Content/Levels/2Cells/020100_Variations/Room_2_020100_4.umap" 650
"C:/Unreal Projects/Repositories/M_B/MeatBall/Content/Levels/2Cells/200100_Variations/Room_2_200100_0.uexp" 651
"C:/Unreal Projects/Repositories/M_B/MeatBall/Content/Levels/2Cells/200100_Variations/Room_2_200100_0.umap" 652
"C:/Unreal Projects/Repositories/M_B/MeatBall/Content/Levels/2Cells/200100_Variations/Room_2_200100_1.uexp" 653
"C:/Unreal Projects/Repositories/M_B/MeatBall/Content/Levels/2Cells/200100_Variations/Room_2_200100_1.umap" 654
"C:/Unreal Projects/Repositories/M_B/MeatBall/Content/Levels/2Cells/200100_Variations/Room_2_200100_2.uexp" 655
"C:/Unreal Projects/Repositories/M_B/MeatBall/Content/Levels/2Cells/200100_Variations/Room_2_200100_2.umap" 656
"C:/Unreal Projects/Repositories/M_B/MeatBall/Content/Levels/2Cells/200100_Variations/Room_2_200100_3.uexp" 657
"C:/Unreal Projects/Repositories/M_B/MeatBall/Content/Levels/2Cells/200100_Variations/Room_2_200100_3.umap" 658
"C:/Unreal Projects/Repositories/M_B/MeatBall/Content/Levels/2Cells/200100_Variations/Room_2_200100_4.uexp" 659
"C:/Unreal Projects/Repositories/M_B/MeatBall/Content/Levels/2Cells/200100_Variations/Room_2_200100_4.umap" 660
"C:/Unreal Projects/Repositories/M_B/MeatBall/Content/Levels/4Cells/02000100_Variations/Room_4_02000100_0.uexp" 661
"C:/Unreal Projects/Repositories/M_B/MeatBall/Content/Levels/4Cells/02000100_Variations/Room_4_02000100_0.umap" 662
"C:/Unreal Projects/Repositories/M_B/MeatBall/Content/Levels/4Cells/02000100_Variations/Room_4_02000100_1.uexp" 663
"C:/Unreal Projects/Repositories/M_B/MeatBall/Content/Levels/4Cells/02000100_Variations/Room_4_02000100_1.umap" 664
"C:/Unreal Projects/Repositories/M_B/MeatBall/Content/Levels/4Cells/02000100_Variations/Room_4_02000100_2.uexp" 665
"C:/Unreal Projects/Repositories/M_B/MeatBall/Content/Levels/4Cells/02000100_Variations/Room_4_02000100_2.umap" 666
"C:/Unreal Projects/Repositories/M_B/MeatBall/Content/Levels/4Cells/02000100_Variations/Room_4_02000100_3.uexp" 667
"C:/Unreal Projects/Repositories/M_B/MeatBall/Content/Levels/4Cells/02000100_Variations/Room_4_02000100_3.umap" 668
"C:/Unreal Projects/Repositories/M_B/MeatBall/Content/Levels/4Cells/02000100_Variations/Room_4_02000100_4.uexp" 669
"C:/Unreal Projects/Repositories/M_B/MeatBall/Content/Levels/4Cells/02000100_Variations/Room_4_02000100_4.umap" 670
"C:/Unreal Projects/Repositories/M_B/MeatBall/Content/Levels/4Cells/20001000_Variations/Room_4_20001000_0.uexp" 671
"C:/Unreal Projects/Repositories/M_B/MeatBall/Content/Levels/4Cells/20001000_Variations/Room_4_20001000_0.umap" 672
"C:/Unreal Projects/Repositories/M_B/MeatBall/Content/Levels/4Cells/20001000_Variations/Room_4_20001000_1.uexp" 673
"C:/Unreal Projects/Repositories/M_B/MeatBall/Content/Levels/4Cells/20001000_Variations/Room_4_20001000_1.umap" 674
"C:/Unreal Projects/Repositories/M_B/MeatBall/Content/Levels/4Cells/20001000_Variations/Room_4_20001000_2.uexp" 675
"C:/Unreal Projects/Repositories/M_B/MeatBall/Content/Levels/4Cells/20001000_Variations/Room_4_20001000_2.umap" 676
"C:/Unreal Projects/Repositories/M_B/MeatBall/Content/Levels/4Cells/20001000_Variations/Room_4_20001000_3.uexp" 677
"C:/Unreal Projects/Repositories/M_B/MeatBall/Content/Levels/4Cells/20001000_Variations/Room_4_20001000_3.umap" 678
"C:/Unreal Projects/Repositories/M_B/MeatBall/Content/Levels/4Cells/20001000_Variations/Room_4_20001000_4.uexp" 679
"C:/Unreal Projects/Repositories/M_B/MeatBall/Content/Levels/4Cells/20001000_Variations/Room_4_20001000_4.umap" 680
"C:/Unreal Projects/Repositories/M_B/MeatBall/Content/Data/Rooms_DataTable_Final.uasset" 681
"C:/Unreal Projects/Repositories/M_B/MeatBall/Content/Data/Rooms_DataTable_Final.uexp" 682
"../../../Engine/Content/MapTemplates/SM_Template_Map_Floor.uasset" 683
"../../../Engine/Content/MapTemplates/SM_Template_Map_Floor.uexp" 684
"../../../Engine/Content/MapTemplates/SM_Template_Map_Floor.ubulk" 685
"../../../Engine/Content/EngineMeshes/T_Mat_UnrealTech_01_D.uasset" 686
"../../../Engine/Content/EngineMeshes/T_Mat_UnrealTech_01_D.uexp" 687
"../../../Engine/Content/EngineMeshes/T_Mat_UnrealTech_01_D.ubulk" 688
"../../../Engine/Content/EngineMeshes/M_Mat_UnrealTech.uasset" 689
"../../../Engine/Content/EngineMeshes/M_Mat_UnrealTech.uexp" 690
"../../../Engine/Content/EngineMeshes/SM_MatPreviewMesh_01.uasset" 691
"../../../Engine/Content/EngineMeshes/SM_MatPreviewMesh_01.uexp" 692
"../../../Engine/Content/EngineMeshes/SM_MatPreviewMesh_01.ubulk" 693
"../../../Engine/Content/MapTemplates/TilingNoise05.uasset" 694
"../../../Engine/Content/MapTemplates/TilingNoise05.uexp" 695
"../../../Engine/Content/MapTemplates/TilingNoise05.ubulk" 696
"../../../Engine/Content/Functions/Engine_MaterialFunctions02/SplitComponents.uasset" 697
"../../../Engine/Content/Functions/Engine_MaterialFunctions02/SplitComponents.uexp" 698
"../../../Engine/Content/EngineSky/M_SkyTimeOfDay.uasset" 699
"../../../Engine/Content/EngineSky/M_SkyTimeOfDay.uexp" 700
"../../../Engine/Content/TemplateResources/M_Template_Master.uasset" 701
"../../../Engine/Content/TemplateResources/M_Template_Master.uexp" 702
"../../../Engine/Content/TemplateResources/MI_Template_BaseGray_02_Metal.uasset" 703
"../../../Engine/Content/TemplateResources/MI_Template_BaseGray_02_Metal.uexp" 704
"../../../Engine/Content/TemplateResources/MI_Template_BaseGray_03_Metal.uasset" 705
"../../../Engine/Content/TemplateResources/MI_Template_BaseGray_03_Metal.uexp" 706
"../../../Engine/Content/BasicShapes/Sphere.uasset" 707
"../../../Engine/Content/BasicShapes/Sphere.uexp" 708
"../../../Engine/Content/BasicShapes/Sphere.ubulk" 709
"C:/Unreal Projects/Repositories/M_B/MeatBall/Content/Levels/Main/AksTestLevel.uexp" 710
"C:/Unreal Projects/Repositories/M_B/MeatBall/Content/Levels/Main/AksTestLevel.umap" 711
"C:/Unreal Projects/Repositories/M_B/MeatBall/Content/Levels/Main/MainMap.uexp" 712
"C:/Unreal Projects/Repositories/M_B/MeatBall/Content/Levels/Main/MainMap.umap" 713
"C:/Unreal Projects/Repositories/M_B/MeatBall/Content/Levels/Main/MainMenu.uexp" 714
"C:/Unreal Projects/Repositories/M_B/MeatBall/Content/Levels/Main/MainMenu.umap" 715
"C:/Unreal Projects/Repositories/M_B/MeatBall/Content/Levels/Main/SpirtTestLevel.uexp" 716
"C:/Unreal Projects/Repositories/M_B/MeatBall/Content/Levels/Main/SpirtTestLevel.umap" 717
"C:/Unreal Projects/Repositories/M_B/MeatBall/Content/Geometry/Meshes/CubeMaterial.uasset" 718
"C:/Unreal Projects/Repositories/M_B/MeatBall/Content/Geometry/Meshes/CubeMaterial.uexp" 719
"C:/Unreal Projects/Repositories/M_B/MeatBall/Content/Geometry/Meshes/1M_Cube_Chamfer.uasset" 720
"C:/Unreal Projects/Repositories/M_B/MeatBall/Content/Geometry/Meshes/1M_Cube_Chamfer.uexp" 721
"C:/Unreal Projects/Repositories/M_B/MeatBall/Content/Geometry/Meshes/1M_Cube_Chamfer.ubulk" 722
"C:/Unreal Projects/Repositories/M_B/MeatBall/Content/Geometry/Meshes/1M_Cube.uasset" 723
"C:/Unreal Projects/Repositories/M_B/MeatBall/Content/Geometry/Meshes/1M_Cube.uexp" 724
"C:/Unreal Projects/Repositories/M_B/MeatBall/Content/Geometry/Meshes/1M_Cube.ubulk" 725
"C:/Unreal Projects/Repositories/M_B/MeatBall/Content/Geometry/Meshes/TemplateFloor.uasset" 726
"C:/Unreal Projects/Repositories/M_B/MeatBall/Content/Geometry/Meshes/TemplateFloor.uexp" 727
"C:/Unreal Projects/Repositories/M_B/MeatBall/Content/Geometry/Meshes/TemplateFloor.ubulk" 728
"C:/Unreal Projects/Repositories/M_B/MeatBall/Content/ThirdPerson/Meshes/RampMaterial.uasset" 729
"C:/Unreal Projects/Repositories/M_B/MeatBall/Content/ThirdPerson/Meshes/RampMaterial.uexp" 730
"C:/Unreal Projects/Repositories/M_B/MeatBall/Content/ThirdPerson/Meshes/Bump_StaticMesh.uasset" 731
"C:/Unreal Projects/Repositories/M_B/MeatBall/Content/ThirdPerson/Meshes/Bump_StaticMesh.uexp" 732
"C:/Unreal Projects/Repositories/M_B/MeatBall/Content/ThirdPerson/Meshes/Bump_StaticMesh.ubulk" 733
"C:/Unreal Projects/Repositories/M_B/MeatBall/Content/ThirdPerson/Meshes/LeftArm_StaticMesh.uasset" 734
"C:/Unreal Projects/Repositories/M_B/MeatBall/Content/ThirdPerson/Meshes/LeftArm_StaticMesh.uexp" 735
"C:/Unreal Projects/Repositories/M_B/MeatBall/Content/ThirdPerson/Meshes/LeftArm_StaticMesh.ubulk" 736
"C:/Unreal Projects/Repositories/M_B/MeatBall/Content/ThirdPerson/Meshes/Linear_Stair_StaticMesh.uasset" 737
"C:/Unreal Projects/Repositories/M_B/MeatBall/Content/ThirdPerson/Meshes/Linear_Stair_StaticMesh.uexp" 738
"C:/Unreal Projects/Repositories/M_B/MeatBall/Content/ThirdPerson/Meshes/Linear_Stair_StaticMesh.ubulk" 739
"C:/Unreal Projects/Repositories/M_B/MeatBall/Content/ThirdPerson/Meshes/Ramp_StaticMesh.uasset" 740
"C:/Unreal Projects/Repositories/M_B/MeatBall/Content/ThirdPerson/Meshes/Ramp_StaticMesh.uexp" 741
"C:/Unreal Projects/Repositories/M_B/MeatBall/Content/ThirdPerson/Meshes/Ramp_StaticMesh.ubulk" 742
"C:/Unreal Projects/Repositories/M_B/MeatBall/Content/ThirdPerson/Meshes/RightArm_StaticMesh.uasset" 743
"C:/Unreal Projects/Repositories/M_B/MeatBall/Content/ThirdPerson/Meshes/RightArm_StaticMesh.uexp" 744
"C:/Unreal Projects/Repositories/M_B/MeatBall/Content/ThirdPerson/Meshes/RightArm_StaticMesh.ubulk" 745
"../../../Engine/Content/EngineSky/T_Sky_Blue.uasset" 746
"../../../Engine/Content/EngineSky/T_Sky_Blue.uexp" 747
"../../../Engine/Content/EngineSky/T_Sky_Blue.ubulk" 748
"../../../Engine/Content/EngineSky/T_Sky_Clouds_M.uasset" 749
"../../../Engine/Content/EngineSky/T_Sky_Clouds_M.uexp" 750
"../../../Engine/Content/EngineSky/T_Sky_Clouds_M.ubulk" 751
"../../../Engine/Content/EngineSky/T_Sky_Stars.uasset" 752
"../../../Engine/Content/EngineSky/T_Sky_Stars.uexp" 753
"../../../Engine/Content/EngineSky/T_Sky_Stars.ubulk" 754
"../../../Engine/Content/EngineSky/M_Sky_Panning_Clouds2.uasset" 755
"../../../Engine/Content/EngineSky/M_Sky_Panning_Clouds2.uexp" 756
"../../../Engine/Content/EngineSky/SM_SkySphere.uasset" 757
"../../../Engine/Content/EngineSky/SM_SkySphere.uexp" 758
"../../../Engine/Content/EngineSky/SM_SkySphere.ubulk" 759
"../../../Engine/Content/EngineSky/C_Sky_Zenith_Color.uasset" 760
"../../../Engine/Content/EngineSky/C_Sky_Zenith_Color.uexp" 761
"../../../Engine/Content/EngineSky/C_Sky_Horizon_Color.uasset" 762
"../../../Engine/Content/EngineSky/C_Sky_Horizon_Color.uexp" 763
"../../../Engine/Content/EngineSky/C_Sky_Cloud_Color.uasset" 764
"../../../Engine/Content/EngineSky/C_Sky_Cloud_Color.uexp" 765
"../../../Engine/Content/EngineSky/BP_Sky_Sphere.uasset" 766
"../../../Engine/Content/EngineSky/BP_Sky_Sphere.uexp" 767
"C:/Unreal Projects/Repositories/M_B/MeatBall/Content/ThirdPersonBP/Maps/ThirdPersonExampleMap_BuiltData.uasset" 768
"C:/Unreal Projects/Repositories/M_B/MeatBall/Content/ThirdPersonBP/Maps/ThirdPersonExampleMap_BuiltData.uexp" 769
"C:/Unreal Projects/Repositories/M_B/MeatBall/Content/ThirdPersonBP/Maps/ThirdPersonExampleMap_BuiltData.ubulk" 770
"C:/Unreal Projects/Repositories/M_B/MeatBall/Content/ThirdPersonBP/Maps/ThirdPersonExampleMap.uexp" 771
"C:/Unreal Projects/Repositories/M_B/MeatBall/Content/ThirdPersonBP/Maps/ThirdPersonExampleMap.umap" 772
"../../../Engine/Content/Maps/Entry_BuiltData.uasset" 773
"../../../Engine/Content/Maps/Entry_BuiltData.uexp" 774
"../../../Engine/Content/Maps/Entry.uexp" 775
"../../../Engine/Content/Maps/Entry.umap" 776
